{"uuid":"7724deae-e1e4-45f0-9cbb-8d4d715e9185","historyId":"5048cc0bba37b690cfbea7a0cd26c6d3","testCaseId":"a3bce0de6f8307b45e41489dc3b4e183","fullName":"src/test/resources/featureFiles/ProgramAddNew.feature:13","labels":[{"name":"tag","value":"add2"},{"name":"host","value":"sukeerthsahana"},{"name":"thread","value":"3712@sukeerthsahana.main(1)"},{"name":"feature","value":"Program Module Add new Program Functionality"},{"name":"story","value":"Verify sub menu displayed in program menu bar"},{"name":"suite","value":"Program Module Add new Program Functionality"},{"name":"testClass","value":"Verify sub menu displayed in program menu bar"},{"name":"framework","value":"cucumber4jvm"},{"name":"language","value":"java"},{"name":"gherkin_uri","value":"file:///C:/SahanaNUMPYNINJASDET/workspace/Team5BugDetectors/SeleniumHackathon_Feb25/src/test/resources/featureFiles/ProgramAddNew.feature"},{"name":"package","value":"src.test.resources.featureFiles.ProgramAddNew_feature.Program Module Add new Program Functionality"}],"links":[],"name":"Verify sub menu displayed in program menu bar","status":"broken","statusDetails":{"known":false,"muted":false,"flaky":false,"message":"element click intercepted: Element <button _ngcontent-mpd-c232=\"\" aria-haspopup=\"true\" id=\"program\" mat-button=\"\" a=\"\" routerlink=\"/program\" class=\"mat-focus-indicator mat-menu-trigger mat-button mat-button-base\" tabindex=\"0\" aria-expanded=\"true\" aria-controls=\"mat-menu-panel-0\">...</button> is not clickable at point (1011, 32). Other element would receive the click: <div class=\"cdk-overlay-backdrop cdk-overlay-transparent-backdrop cdk-overlay-backdrop-showing\"></div>\n  (Session info: chrome=133.0.6943.127)\nBuild info: version: '4.27.0', revision: 'd6e718d134'\nSystem info: os.name: 'Windows 11', os.arch: 'amd64', os.version: '10.0', java.version: '21.0.3'\nDriver info: org.openqa.selenium.chrome.ChromeDriver\nCommand: [374caebdc9acb6f7d6f82dcde38e5d1d, clickElement {id=f.3D5F1EF91F4CCF3B8497B57218838332.d.67E10CBBAA844A66931BD61F02AC45B8.e.29}]\nCapabilities {acceptInsecureCerts: false, browserName: chrome, browserVersion: 133.0.6943.127, chrome: {chromedriverVersion: 133.0.6943.126 (cffa127ce7b..., userDataDir: C:\\Users\\sahan\\AppData\\Loca...}, fedcm:accounts: true, goog:chromeOptions: {debuggerAddress: localhost:65489}, networkConnectionEnabled: false, pageLoadStrategy: normal, platformName: windows, proxy: Proxy(), se:cdp: ws://localhost:65489/devtoo..., se:cdpVersion: 133.0.6943.127, setWindowRect: true, strictFileInteractability: false, timeouts: {implicit: 0, pageLoad: 300000, script: 30000}, unhandledPromptBehavior: dismiss and notify, webauthn:extension:credBlob: true, webauthn:extension:largeBlob: true, webauthn:extension:minPinLength: true, webauthn:extension:prf: true, webauthn:virtualAuthenticators: true}\nElement: [[ChromeDriver: chrome on windows (374caebdc9acb6f7d6f82dcde38e5d1d)] -> id: program]\nSession ID: 374caebdc9acb6f7d6f82dcde38e5d1d","trace":"org.openqa.selenium.ElementClickInterceptedException: element click intercepted: Element <button _ngcontent-mpd-c232=\"\" aria-haspopup=\"true\" id=\"program\" mat-button=\"\" a=\"\" routerlink=\"/program\" class=\"mat-focus-indicator mat-menu-trigger mat-button mat-button-base\" tabindex=\"0\" aria-expanded=\"true\" aria-controls=\"mat-menu-panel-0\">...</button> is not clickable at point (1011, 32). Other element would receive the click: <div class=\"cdk-overlay-backdrop cdk-overlay-transparent-backdrop cdk-overlay-backdrop-showing\"></div>\n  (Session info: chrome=133.0.6943.127)\nBuild info: version: '4.27.0', revision: 'd6e718d134'\nSystem info: os.name: 'Windows 11', os.arch: 'amd64', os.version: '10.0', java.version: '21.0.3'\nDriver info: org.openqa.selenium.chrome.ChromeDriver\nCommand: [374caebdc9acb6f7d6f82dcde38e5d1d, clickElement {id=f.3D5F1EF91F4CCF3B8497B57218838332.d.67E10CBBAA844A66931BD61F02AC45B8.e.29}]\nCapabilities {acceptInsecureCerts: false, browserName: chrome, browserVersion: 133.0.6943.127, chrome: {chromedriverVersion: 133.0.6943.126 (cffa127ce7b..., userDataDir: C:\\Users\\sahan\\AppData\\Loca...}, fedcm:accounts: true, goog:chromeOptions: {debuggerAddress: localhost:65489}, networkConnectionEnabled: false, pageLoadStrategy: normal, platformName: windows, proxy: Proxy(), se:cdp: ws://localhost:65489/devtoo..., se:cdpVersion: 133.0.6943.127, setWindowRect: true, strictFileInteractability: false, timeouts: {implicit: 0, pageLoad: 300000, script: 30000}, unhandledPromptBehavior: dismiss and notify, webauthn:extension:credBlob: true, webauthn:extension:largeBlob: true, webauthn:extension:minPinLength: true, webauthn:extension:prf: true, webauthn:virtualAuthenticators: true}\nElement: [[ChromeDriver: chrome on windows (374caebdc9acb6f7d6f82dcde38e5d1d)] -> id: program]\nSession ID: 374caebdc9acb6f7d6f82dcde38e5d1d\r\n\tat java.base/jdk.internal.reflect.DirectConstructorHandleAccessor.newInstance(DirectConstructorHandleAccessor.java:62)\r\n\tat java.base/java.lang.reflect.Constructor.newInstanceWithCaller(Constructor.java:502)\r\n\tat java.base/java.lang.reflect.Constructor.newInstance(Constructor.java:486)\r\n\tat org.openqa.selenium.remote.ErrorCodec.decode(ErrorCodec.java:167)\r\n\tat org.openqa.selenium.remote.codec.w3c.W3CHttpResponseCodec.decode(W3CHttpResponseCodec.java:138)\r\n\tat org.openqa.selenium.remote.codec.w3c.W3CHttpResponseCodec.decode(W3CHttpResponseCodec.java:50)\r\n\tat org.openqa.selenium.remote.HttpCommandExecutor.execute(HttpCommandExecutor.java:190)\r\n\tat org.openqa.selenium.remote.service.DriverCommandExecutor.invokeExecute(DriverCommandExecutor.java:216)\r\n\tat org.openqa.selenium.remote.service.DriverCommandExecutor.execute(DriverCommandExecutor.java:174)\r\n\tat org.openqa.selenium.remote.RemoteWebDriver.execute(RemoteWebDriver.java:545)\r\n\tat org.openqa.selenium.remote.RemoteWebElement.execute(RemoteWebElement.java:223)\r\n\tat org.openqa.selenium.remote.RemoteWebElement.click(RemoteWebElement.java:76)\r\n\tat java.base/jdk.internal.reflect.DirectMethodHandleAccessor.invoke(DirectMethodHandleAccessor.java:103)\r\n\tat java.base/java.lang.reflect.Method.invoke(Method.java:580)\r\n\tat org.openqa.selenium.support.pagefactory.internal.LocatingElementHandler.invoke(LocatingElementHandler.java:51)\r\n\tat jdk.proxy2/jdk.proxy2.$Proxy24.click(Unknown Source)\r\n\tat pageObjectRepository.ProgramPage.program(ProgramPage.java:80)\r\n\tat stepDefinitions.ProgramStep.admin_clicks_on_the_navigation_bar(ProgramStep.java:23)\r\n\tat ✽.Admin clicks Program on the navigation bar(file:///C:/SahanaNUMPYNINJASDET/workspace/Team5BugDetectors/SeleniumHackathon_Feb25/src/test/resources/featureFiles/ProgramAddNew.feature:15)\r\n"},"stage":"finished","steps":[{"name":"Given Admin is on home page after Login","status":"passed","statusDetails":{"known":false,"muted":false,"flaky":false},"stage":"finished","steps":[],"attachments":[],"parameters":[],"start":1740425690923,"stop":1740425691725},{"name":"Given Admin is on Program page","status":"passed","statusDetails":{"known":false,"muted":false,"flaky":false},"stage":"finished","steps":[],"attachments":[],"parameters":[],"start":1740425691725,"stop":1740425692155},{"name":"When Admin clicks Program on the navigation bar","status":"broken","statusDetails":{"known":false,"muted":false,"flaky":false,"message":"element click intercepted: Element <button _ngcontent-mpd-c232=\"\" aria-haspopup=\"true\" id=\"program\" mat-button=\"\" a=\"\" routerlink=\"/program\" class=\"mat-focus-indicator mat-menu-trigger mat-button mat-button-base\" tabindex=\"0\" aria-expanded=\"true\" aria-controls=\"mat-menu-panel-0\">...</button> is not clickable at point (1011, 32). Other element would receive the click: <div class=\"cdk-overlay-backdrop cdk-overlay-transparent-backdrop cdk-overlay-backdrop-showing\"></div>\n  (Session info: chrome=133.0.6943.127)\nBuild info: version: '4.27.0', revision: 'd6e718d134'\nSystem info: os.name: 'Windows 11', os.arch: 'amd64', os.version: '10.0', java.version: '21.0.3'\nDriver info: org.openqa.selenium.chrome.ChromeDriver\nCommand: [374caebdc9acb6f7d6f82dcde38e5d1d, clickElement {id=f.3D5F1EF91F4CCF3B8497B57218838332.d.67E10CBBAA844A66931BD61F02AC45B8.e.29}]\nCapabilities {acceptInsecureCerts: false, browserName: chrome, browserVersion: 133.0.6943.127, chrome: {chromedriverVersion: 133.0.6943.126 (cffa127ce7b..., userDataDir: C:\\Users\\sahan\\AppData\\Loca...}, fedcm:accounts: true, goog:chromeOptions: {debuggerAddress: localhost:65489}, networkConnectionEnabled: false, pageLoadStrategy: normal, platformName: windows, proxy: Proxy(), se:cdp: ws://localhost:65489/devtoo..., se:cdpVersion: 133.0.6943.127, setWindowRect: true, strictFileInteractability: false, timeouts: {implicit: 0, pageLoad: 300000, script: 30000}, unhandledPromptBehavior: dismiss and notify, webauthn:extension:credBlob: true, webauthn:extension:largeBlob: true, webauthn:extension:minPinLength: true, webauthn:extension:prf: true, webauthn:virtualAuthenticators: true}\nElement: [[ChromeDriver: chrome on windows (374caebdc9acb6f7d6f82dcde38e5d1d)] -> id: program]\nSession ID: 374caebdc9acb6f7d6f82dcde38e5d1d","trace":"org.openqa.selenium.ElementClickInterceptedException: element click intercepted: Element <button _ngcontent-mpd-c232=\"\" aria-haspopup=\"true\" id=\"program\" mat-button=\"\" a=\"\" routerlink=\"/program\" class=\"mat-focus-indicator mat-menu-trigger mat-button mat-button-base\" tabindex=\"0\" aria-expanded=\"true\" aria-controls=\"mat-menu-panel-0\">...</button> is not clickable at point (1011, 32). Other element would receive the click: <div class=\"cdk-overlay-backdrop cdk-overlay-transparent-backdrop cdk-overlay-backdrop-showing\"></div>\n  (Session info: chrome=133.0.6943.127)\nBuild info: version: '4.27.0', revision: 'd6e718d134'\nSystem info: os.name: 'Windows 11', os.arch: 'amd64', os.version: '10.0', java.version: '21.0.3'\nDriver info: org.openqa.selenium.chrome.ChromeDriver\nCommand: [374caebdc9acb6f7d6f82dcde38e5d1d, clickElement {id=f.3D5F1EF91F4CCF3B8497B57218838332.d.67E10CBBAA844A66931BD61F02AC45B8.e.29}]\nCapabilities {acceptInsecureCerts: false, browserName: chrome, browserVersion: 133.0.6943.127, chrome: {chromedriverVersion: 133.0.6943.126 (cffa127ce7b..., userDataDir: C:\\Users\\sahan\\AppData\\Loca...}, fedcm:accounts: true, goog:chromeOptions: {debuggerAddress: localhost:65489}, networkConnectionEnabled: false, pageLoadStrategy: normal, platformName: windows, proxy: Proxy(), se:cdp: ws://localhost:65489/devtoo..., se:cdpVersion: 133.0.6943.127, setWindowRect: true, strictFileInteractability: false, timeouts: {implicit: 0, pageLoad: 300000, script: 30000}, unhandledPromptBehavior: dismiss and notify, webauthn:extension:credBlob: true, webauthn:extension:largeBlob: true, webauthn:extension:minPinLength: true, webauthn:extension:prf: true, webauthn:virtualAuthenticators: true}\nElement: [[ChromeDriver: chrome on windows (374caebdc9acb6f7d6f82dcde38e5d1d)] -> id: program]\nSession ID: 374caebdc9acb6f7d6f82dcde38e5d1d\r\n\tat java.base/jdk.internal.reflect.DirectConstructorHandleAccessor.newInstance(DirectConstructorHandleAccessor.java:62)\r\n\tat java.base/java.lang.reflect.Constructor.newInstanceWithCaller(Constructor.java:502)\r\n\tat java.base/java.lang.reflect.Constructor.newInstance(Constructor.java:486)\r\n\tat org.openqa.selenium.remote.ErrorCodec.decode(ErrorCodec.java:167)\r\n\tat org.openqa.selenium.remote.codec.w3c.W3CHttpResponseCodec.decode(W3CHttpResponseCodec.java:138)\r\n\tat org.openqa.selenium.remote.codec.w3c.W3CHttpResponseCodec.decode(W3CHttpResponseCodec.java:50)\r\n\tat org.openqa.selenium.remote.HttpCommandExecutor.execute(HttpCommandExecutor.java:190)\r\n\tat org.openqa.selenium.remote.service.DriverCommandExecutor.invokeExecute(DriverCommandExecutor.java:216)\r\n\tat org.openqa.selenium.remote.service.DriverCommandExecutor.execute(DriverCommandExecutor.java:174)\r\n\tat org.openqa.selenium.remote.RemoteWebDriver.execute(RemoteWebDriver.java:545)\r\n\tat org.openqa.selenium.remote.RemoteWebElement.execute(RemoteWebElement.java:223)\r\n\tat org.openqa.selenium.remote.RemoteWebElement.click(RemoteWebElement.java:76)\r\n\tat java.base/jdk.internal.reflect.DirectMethodHandleAccessor.invoke(DirectMethodHandleAccessor.java:103)\r\n\tat java.base/java.lang.reflect.Method.invoke(Method.java:580)\r\n\tat org.openqa.selenium.support.pagefactory.internal.LocatingElementHandler.invoke(LocatingElementHandler.java:51)\r\n\tat jdk.proxy2/jdk.proxy2.$Proxy24.click(Unknown Source)\r\n\tat pageObjectRepository.ProgramPage.program(ProgramPage.java:80)\r\n\tat stepDefinitions.ProgramStep.admin_clicks_on_the_navigation_bar(ProgramStep.java:23)\r\n\tat ✽.Admin clicks Program on the navigation bar(file:///C:/SahanaNUMPYNINJASDET/workspace/Team5BugDetectors/SeleniumHackathon_Feb25/src/test/resources/featureFiles/ProgramAddNew.feature:15)\r\n"},"stage":"finished","steps":[],"attachments":[],"parameters":[],"start":1740425692155,"stop":1740425693312},{"name":"Then Admin should see program sub menu in menu bar as \"Add New Program\"","status":"skipped","statusDetails":{"known":false,"muted":false,"flaky":false},"stage":"finished","steps":[],"attachments":[],"parameters":[],"start":1740425693315,"stop":1740425693315}],"attachments":[],"parameters":[],"start":1740425685907,"stop":1740425693939}